Unity Editor version:    2020.3.38f1 (8f5fde82e2dc)
Branch:                  2020.3/staging
Build type:              Release
Batch mode:              YES
macOS version:           Version 13.0 (Build 22A5311f)
Darwin version:          22.0.0
Architecture:            x86_64
Running under Rosetta:   NO
Available memory:        32768 MB
Using pre-set license
Pro License: NO

COMMAND LINE ARGUMENTS:
/Applications/Unity/Hub/Editor/2020.3.38f1/Unity.app/Contents/MacOS/Unity
-adb2
-batchMode
-noUpm
-name
AssetImportWorker0
-projectPath
/Users/chriswilliams/UnityRepo/GAMES-UT-323_ColorMatching/ColorMatchingDemo
-logFile
Logs/AssetImportWorker0.log
-srvPort
61609
Successfully changed project path to: /Users/chriswilliams/UnityRepo/GAMES-UT-323_ColorMatching/ColorMatchingDemo
/Users/chriswilliams/UnityRepo/GAMES-UT-323_ColorMatching/ColorMatchingDemo
Using Asset Import Pipeline V2.
Refreshing native plugins compatible for Editor in 92.69 ms, found 3 plugins.
Preloading 0 native plugins for Editor in 0.00 ms.
Initialize engine version: 2020.3.38f1 (8f5fde82e2dc)
[Subsystems] Discovering subsystems at path /Applications/Unity/Hub/Editor/2020.3.38f1/Unity.app/Contents/Resources/UnitySubsystems
[Subsystems] Discovering subsystems at path /Users/chriswilliams/UnityRepo/GAMES-UT-323_ColorMatching/ColorMatchingDemo/Assets
GfxDevice: creating device client; threaded=0
2022-09-13 15:14:09.820 Unity[10641:161889] Color LCD preferred device: AMD Radeon Pro 5300M (high power)
2022-09-13 15:14:09.820 Unity[10641:161889] Metal devices available: 2
2022-09-13 15:14:09.820 Unity[10641:161889] 0: AMD Radeon Pro 5300M (high power)
2022-09-13 15:14:09.820 Unity[10641:161889] 1: Intel(R) UHD Graphics 630 (low power)
2022-09-13 15:14:09.820 Unity[10641:161889] Using device AMD Radeon Pro 5300M (high power)
Initializing Metal device caps: AMD Radeon Pro 5300M
Initialize mono
Mono path[0] = '/Applications/Unity/Hub/Editor/2020.3.38f1/Unity.app/Contents/Managed'
Mono path[1] = '/Applications/Unity/Hub/Editor/2020.3.38f1/Unity.app/Contents/MonoBleedingEdge/lib/mono/unityjit'
Mono config path = '/Applications/Unity/Hub/Editor/2020.3.38f1/Unity.app/Contents/MonoBleedingEdge/etc'
Using monoOptions --debugger-agent=transport=dt_socket,embedding=1,server=y,suspend=n,address=127.0.0.1:56641
Begin MonoManager ReloadAssembly
Registering precompiled unity dll's ...
Register platform support module: /Applications/Unity/Hub/Editor/2020.3.38f1/PlaybackEngines/WebGLSupport/UnityEditor.WebGL.Extensions.dll
Register platform support module: /Applications/Unity/Hub/Editor/2020.3.38f1/Unity.app/Contents/PlaybackEngines/MacStandaloneSupport/UnityEditor.OSXStandalone.Extensions.dll
Register platform support module: /Applications/Unity/Hub/Editor/2020.3.38f1/PlaybackEngines/WindowsStandaloneSupport/UnityEditor.WindowsStandalone.Extensions.dll
Registered in 0.006645 seconds.
Native extension for WindowsStandalone target not found
Native extension for OSXStandalone target not found
Native extension for WebGL target not found
Refreshing native plugins compatible for Editor in 66.83 ms, found 3 plugins.
Preloading 0 native plugins for Editor in 0.00 ms.
Mono: successfully reloaded assembly
- Completed reload, in  1.081 seconds
Domain Reload Profiling:
	ReloadAssembly (1082ms)
		BeginReloadAssembly (123ms)
			ExecutionOrderSort (0ms)
			DisableScriptedObjects (0ms)
			BackupInstance (0ms)
			ReleaseScriptingObjects (0ms)
			CreateAndSetChildDomain (1ms)
		EndReloadAssembly (839ms)
			LoadAssemblies (126ms)
			RebuildTransferFunctionScriptingTraits (0ms)
			SetupTypeCache (276ms)
			ReleaseScriptCaches (0ms)
			RebuildScriptCaches (67ms)
			SetupLoadedEditorAssemblies (346ms)
				LogAssemblyErrors (0ms)
				InitializePlatformSupportModulesInManaged (9ms)
				SetLoadedEditorAssemblies (1ms)
				RefreshPlugins (67ms)
				BeforeProcessingInitializeOnLoad (49ms)
				ProcessInitializeOnLoadAttributes (173ms)
				ProcessInitializeOnLoadMethodAttributes (47ms)
				AfterProcessingInitializeOnLoad (0ms)
				EditorAssembliesLoaded (0ms)
			ExecutionOrderSort2 (0ms)
			AwakeInstancesAfterBackupRestoration (0ms)
Platform modules already initialized, skipping
Registering precompiled user dll's ...
Registered in 0.007786 seconds.
Begin MonoManager ReloadAssembly
Native extension for WindowsStandalone target not found
Native extension for OSXStandalone target not found
Native extension for WebGL target not found
Refreshing native plugins compatible for Editor in 72.56 ms, found 3 plugins.
Preloading 0 native plugins for Editor in 0.00 ms.
Mono: successfully reloaded assembly
- Completed reload, in  2.052 seconds
Domain Reload Profiling:
	ReloadAssembly (2054ms)
		BeginReloadAssembly (227ms)
			ExecutionOrderSort (0ms)
			DisableScriptedObjects (8ms)
			BackupInstance (0ms)
			ReleaseScriptingObjects (0ms)
			CreateAndSetChildDomain (34ms)
		EndReloadAssembly (1731ms)
			LoadAssemblies (163ms)
			RebuildTransferFunctionScriptingTraits (1ms)
			SetupTypeCache (596ms)
			ReleaseScriptCaches (1ms)
			RebuildScriptCaches (107ms)
			SetupLoadedEditorAssemblies (648ms)
				LogAssemblyErrors (0ms)
				InitializePlatformSupportModulesInManaged (8ms)
				SetLoadedEditorAssemblies (0ms)
				RefreshPlugins (73ms)
				BeforeProcessingInitializeOnLoad (135ms)
				ProcessInitializeOnLoadAttributes (389ms)
				ProcessInitializeOnLoadMethodAttributes (40ms)
				AfterProcessingInitializeOnLoad (3ms)
				EditorAssembliesLoaded (0ms)
			ExecutionOrderSort2 (0ms)
			AwakeInstancesAfterBackupRestoration (3ms)
Platform modules already initialized, skipping
Validating Project structure ... 0.002594 seconds.
Shader import version has changed; will reimport all shaders...
Upgrading shader files ...0.024366 seconds.
Application.AssetDatabase Initial Script Refresh Start
RefreshInfo: InitialScriptRefreshV2(NoUpdateAssetOptions) scanfilter:  ... 1 filters
RefreshProfiler: Total: 0.000ms
Application.AssetDatabase Initial Script Refresh End
Application.AssetDatabase.Refresh Start
Application.AssetDatabase.Refresh End
RefreshInfo: StopAssetImportingV2(ForceSynchronousImport) scanfilter: 
RefreshProfiler: Total: 0.000ms
Launching external process: /Applications/Unity/Hub/Editor/2020.3.38f1/Unity.app/Contents/Tools/UnityShaderCompiler
Launched and connected shader compiler UnityShaderCompiler after 0.02 seconds
Initializing Unity extensions:
2022-09-13 15:14:16.136 Unity[10641:161889] NSEventModifierFlagFunction specified to -setKeyEquivalentModifierMask: for item <NSMenuItem: 0x600002579880 Font Asset, ke='Command-F12'>, but is only supported for system-provided menu items; will not be used
2022-09-13 15:14:16.141 Unity[10641:161889] NSEventModifierFlagFunction specified to -setKeyEquivalentModifierMask: for item <NSMenuItem: 0x600002507b80 Font Asset, ke='Command-F12'>, but is only supported for system-provided menu items; will not be used
========================================================================
Worker process is ready to serve import requests
Refreshing native plugins compatible for Editor in 0.61 ms, found 3 plugins.
Preloading 0 native plugins for Editor in 0.00 ms.
Unloading 2300 Unused Serialized files (Serialized files now loaded: 0)
System memory in use before: 224.7 MB.
System memory in use after: 224.0 MB.

Unloading 111 unused Assets to reduce memory usage. Loaded Objects now: 2781.
Total: 4.913048 ms (FindLiveObjects: 0.242810 ms CreateObjectMapping: 0.129539 ms MarkObjects: 3.829638 ms  DeleteObjects: 0.709884 ms)

AssetImportParameters requested are different than current active one (requested -> active):
  custom:video-decoder-ogg-theora: a1e56fd34408186e4bbccfd4996cb3dc -> 
  custom:container-muxer-webm: aa71ff27fc2769a1b78a27578f13a17b -> 
  custom:container-demuxer-webm: 4f35f7cbe854078d1ac9338744f61a02 -> 
  custom:container-demuxer-ogg: 62fdf1f143b41e24485cea50d1cbac27 -> 
  custom:video-encoder-webm-vp8: eb34c28f22e8b96e1ab97ce403110664 -> 
  custom:framework-osx-AVFoundation: e770b220cccbd017edd2c1fefb359320 -> 
  custom:video-decoder-webm-vp8: 9c59270c3fd7afecdb556c50c9e8de78 -> 
  custom:audio-decoder-ogg-vorbis: bf7c407c2cedff20999df2af8eb42d56 -> 
  custom:audio-encoder-webm-vorbis: bf7c407c2cedff20999df2af8eb42d56 -> 
========================================================================
Received Import Request.
  path: Assets/_Shapes&Icons/CircleOutlineThick.png
  artifactKey: Guid(630e7ec85a69b41e4a1c4e00dbcc9ce2) Importer(815301076,1909f56bfc062723c751e8b465ee728b)
Start importing Assets/_Shapes&Icons/CircleOutlineThick.png using Guid(630e7ec85a69b41e4a1c4e00dbcc9ce2) Importer(815301076,1909f56bfc062723c751e8b465ee728b)  -> (artifact id: 'fc781c2bc39cf08be319edbc5753da5c') in 1.119799 seconds 
========================================================================
Received Import Request.
  Time since last request: 0.000386 seconds.
  path: Assets/DOTween/Editor/Imgs/Footer_dark.png
  artifactKey: Guid(c44cade4bace54ceb922085581ce4db1) Importer(815301076,1909f56bfc062723c751e8b465ee728b)
Start importing Assets/DOTween/Editor/Imgs/Footer_dark.png using Guid(c44cade4bace54ceb922085581ce4db1) Importer(815301076,1909f56bfc062723c751e8b465ee728b)  -> (artifact id: '62c26fab12300e564ebb45ef375e6623') in 0.023628 seconds 
========================================================================
Received Import Request.
  Time since last request: 0.000388 seconds.
  path: Assets/_Shapes&Icons/UImouse_base.png
  artifactKey: Guid(c1e23708a049346dab971c728d12c458) Importer(815301076,1909f56bfc062723c751e8b465ee728b)
Start importing Assets/_Shapes&Icons/UImouse_base.png using Guid(c1e23708a049346dab971c728d12c458) Importer(815301076,1909f56bfc062723c751e8b465ee728b)  -> (artifact id: 'd452e68d5b185800559417cdeb6f6bca') in 0.037777 seconds 
========================================================================
Received Import Request.
  Time since last request: 0.000325 seconds.
  path: Assets/_Shapes&Icons/Diamond.png
  artifactKey: Guid(00d4c7b97b8ed41cc9b1ef9eb5db19ea) Importer(815301076,1909f56bfc062723c751e8b465ee728b)
Start importing Assets/_Shapes&Icons/Diamond.png using Guid(00d4c7b97b8ed41cc9b1ef9eb5db19ea) Importer(815301076,1909f56bfc062723c751e8b465ee728b)  -> (artifact id: '3ba00a57a882ebb09ab9e576ba2125b3') in 0.022605 seconds 
========================================================================
Received Import Request.
  Time since last request: 0.000341 seconds.
  path: Assets/_Shapes&Icons/Play.png
  artifactKey: Guid(6db49a717344944f4a1194fd693f5249) Importer(815301076,1909f56bfc062723c751e8b465ee728b)
Start importing Assets/_Shapes&Icons/Play.png using Guid(6db49a717344944f4a1194fd693f5249) Importer(815301076,1909f56bfc062723c751e8b465ee728b)  -> (artifact id: '3bed14d29afe652f67320d74ba3f71be') in 0.023654 seconds 
========================================================================
Received Import Request.
  Time since last request: 0.000321 seconds.
  path: Assets/_Shapes&Icons/Star_SixFill.png
  artifactKey: Guid(490bcba74dafa4a769f6f1e778feb21b) Importer(815301076,1909f56bfc062723c751e8b465ee728b)
Start importing Assets/_Shapes&Icons/Star_SixFill.png using Guid(490bcba74dafa4a769f6f1e778feb21b) Importer(815301076,1909f56bfc062723c751e8b465ee728b)  -> (artifact id: 'a03c14cea28a99633fe67f7149229935') in 0.024565 seconds 
========================================================================
Received Import Request.
  Time since last request: 0.000339 seconds.
  path: Assets/Fonts/Typo_Round_Thin_Italic Demo SDF.asset
  artifactKey: Guid(5a414bb0090404196928a77bc73effd0) Importer(815301076,1909f56bfc062723c751e8b465ee728b)
Start importing Assets/Fonts/Typo_Round_Thin_Italic Demo SDF.asset using Guid(5a414bb0090404196928a77bc73effd0) Importer(815301076,1909f56bfc062723c751e8b465ee728b)  -> (artifact id: '1b527e5f298ed2ab7dd1db6ec554ea31') in 1.661532 seconds 
========================================================================
Received Import Request.
  Time since last request: 0.000382 seconds.
  path: Assets/Fonts/Typo_Round_Regular_Demo SDF.asset
  artifactKey: Guid(4df0eec152bc04501a35222501eaab4b) Importer(815301076,1909f56bfc062723c751e8b465ee728b)
Start importing Assets/Fonts/Typo_Round_Regular_Demo SDF.asset using Guid(4df0eec152bc04501a35222501eaab4b) Importer(815301076,1909f56bfc062723c751e8b465ee728b)  -> (artifact id: 'd46e1f0a8358247fee5f8cd5976b507d') in 0.046952 seconds 
========================================================================
Received Import Request.
  Time since last request: 0.000339 seconds.
  path: Assets/_Shapes&Icons/Stop.png
  artifactKey: Guid(e838e5dc6abf34a53a59f9a60496c241) Importer(815301076,1909f56bfc062723c751e8b465ee728b)
Start importing Assets/_Shapes&Icons/Stop.png using Guid(e838e5dc6abf34a53a59f9a60496c241) Importer(815301076,1909f56bfc062723c751e8b465ee728b)  -> (artifact id: 'cf321c422713feb8ec6dad3237abae69') in 0.028916 seconds 
========================================================================
Received Import Request.
  Time since last request: 0.000386 seconds.
  path: Assets/_Shapes&Icons/check.png
  artifactKey: Guid(0e60d4d2e15ca444180db60cae66456b) Importer(815301076,1909f56bfc062723c751e8b465ee728b)
Start importing Assets/_Shapes&Icons/check.png using Guid(0e60d4d2e15ca444180db60cae66456b) Importer(815301076,1909f56bfc062723c751e8b465ee728b)  -> (artifact id: '23a0ab1381486d0f2373fe8ce67cc66a') in 0.018618 seconds 
========================================================================
Received Import Request.
  Time since last request: 0.000421 seconds.
  path: Assets/DOTween/Editor/Imgs/Footer.png
  artifactKey: Guid(e91c6a44b0ee549039719e3b33cb0b1c) Importer(815301076,1909f56bfc062723c751e8b465ee728b)
Start importing Assets/DOTween/Editor/Imgs/Footer.png using Guid(e91c6a44b0ee549039719e3b33cb0b1c) Importer(815301076,1909f56bfc062723c751e8b465ee728b)  -> (artifact id: '47211d38a52d2d005ea2b119d876a302') in 0.018401 seconds 
========================================================================
Received Import Request.
  Time since last request: 0.000319 seconds.
  path: Assets/Fonts/Typo_Round_Light_Demo SDF.asset
  artifactKey: Guid(8f49353620f844903bee4ccee0a2db4a) Importer(815301076,1909f56bfc062723c751e8b465ee728b)
Start importing Assets/Fonts/Typo_Round_Light_Demo SDF.asset using Guid(8f49353620f844903bee4ccee0a2db4a) Importer(815301076,1909f56bfc062723c751e8b465ee728b)  -> (artifact id: '50e8924fb90ff83b80e7217c8f06a0f3') in 0.043450 seconds 
========================================================================
Received Import Request.
  Time since last request: 0.000364 seconds.
  path: Assets/_Shapes&Icons/RectangleFill.png
  artifactKey: Guid(f3daa77d859434e4495f21a6dc3534e9) Importer(815301076,1909f56bfc062723c751e8b465ee728b)
Start importing Assets/_Shapes&Icons/RectangleFill.png using Guid(f3daa77d859434e4495f21a6dc3534e9) Importer(815301076,1909f56bfc062723c751e8b465ee728b)  -> (artifact id: '0a4e50f14626f6dd4be0d7a159b00401') in 0.017611 seconds 
========================================================================
Received Import Request.
  Time since last request: 0.000310 seconds.
  path: Assets/TextMesh Pro/Resources/Fonts & Materials/LiberationSans SDF - Fallback.asset
  artifactKey: Guid(2e498d1c8094910479dc3e1b768306a4) Importer(815301076,1909f56bfc062723c751e8b465ee728b)
Start importing Assets/TextMesh Pro/Resources/Fonts & Materials/LiberationSans SDF - Fallback.asset using Guid(2e498d1c8094910479dc3e1b768306a4) Importer(815301076,1909f56bfc062723c751e8b465ee728b)  -> (artifact id: '824048c16fe023a8029ad6b289255227') in 0.243388 seconds 
========================================================================
Received Import Request.
  Time since last request: 0.000324 seconds.
  path: Assets/_Shapes&Icons/SquareFill copy.png
  artifactKey: Guid(a66ace6d4b192413f8db94fa0feda241) Importer(815301076,1909f56bfc062723c751e8b465ee728b)
Start importing Assets/_Shapes&Icons/SquareFill copy.png using Guid(a66ace6d4b192413f8db94fa0feda241) Importer(815301076,1909f56bfc062723c751e8b465ee728b)  -> (artifact id: '6d6e9f4f3324942581ac1f2052c6d4e4') in 0.023281 seconds 
========================================================================
Received Import Request.
  Time since last request: 0.000301 seconds.
  path: Assets/_Shapes&Icons/SquareFill.png
  artifactKey: Guid(cc4ecceb445e24b54894da8ac5e68b28) Importer(815301076,1909f56bfc062723c751e8b465ee728b)
Start importing Assets/_Shapes&Icons/SquareFill.png using Guid(cc4ecceb445e24b54894da8ac5e68b28) Importer(815301076,1909f56bfc062723c751e8b465ee728b)  -> (artifact id: 'c56f2a7e993442ba70979084e2db07e4') in 0.021890 seconds 
========================================================================
Received Import Request.
  Time since last request: 0.000330 seconds.
  path: Assets/_Shapes&Icons/Triangle.png
  artifactKey: Guid(18effd8c912394fde9bfbf2c7b89c902) Importer(815301076,1909f56bfc062723c751e8b465ee728b)
Start importing Assets/_Shapes&Icons/Triangle.png using Guid(18effd8c912394fde9bfbf2c7b89c902) Importer(815301076,1909f56bfc062723c751e8b465ee728b)  -> (artifact id: '7d63ce5ccfd89ae4fd022a0e5aaf383a') in 0.021197 seconds 
========================================================================
Received Import Request.
  Time since last request: 0.000310 seconds.
  path: Assets/_Shapes&Icons/RoundedRectFill.png
  artifactKey: Guid(dfabbed3ea0704b63953395d45658c99) Importer(815301076,1909f56bfc062723c751e8b465ee728b)
Start importing Assets/_Shapes&Icons/RoundedRectFill.png using Guid(dfabbed3ea0704b63953395d45658c99) Importer(815301076,1909f56bfc062723c751e8b465ee728b)  -> (artifact id: '2dfc2a44f87fdfa5254c442934ea75e4') in 0.021310 seconds 
========================================================================
Received Import Request.
  Time since last request: 0.000426 seconds.
  path: Assets/Fonts/Typo_Round_Italic_Demo SDF.asset
  artifactKey: Guid(f0a658e9afd684fb491aae0def585797) Importer(815301076,1909f56bfc062723c751e8b465ee728b)
Start importing Assets/Fonts/Typo_Round_Italic_Demo SDF.asset using Guid(f0a658e9afd684fb491aae0def585797) Importer(815301076,1909f56bfc062723c751e8b465ee728b)  -> (artifact id: '89d79af5d0596e7e05e84d17a3944972') in 0.049975 seconds 
========================================================================
Received Import Request.
  Time since last request: 0.000325 seconds.
  path: Assets/_Shapes&Icons/DiamondFill.png
  artifactKey: Guid(87aa01b3a1dd247438768a323d058c27) Importer(815301076,1909f56bfc062723c751e8b465ee728b)
Start importing Assets/_Shapes&Icons/DiamondFill.png using Guid(87aa01b3a1dd247438768a323d058c27) Importer(815301076,1909f56bfc062723c751e8b465ee728b)  -> (artifact id: '7a77729398b44564dcbcdece11e35e7a') in 0.018741 seconds 
========================================================================
Received Import Request.
  Time since last request: 0.000350 seconds.
  path: Assets/Fonts/Typo_Round_Light_Italic_Demo.otf
  artifactKey: Guid(5d9ca1afa98a94abbaa8e87a2d1e76c5) Importer(815301076,1909f56bfc062723c751e8b465ee728b)
Start importing Assets/Fonts/Typo_Round_Light_Italic_Demo.otf using Guid(5d9ca1afa98a94abbaa8e87a2d1e76c5) Importer(815301076,1909f56bfc062723c751e8b465ee728b)  -> (artifact id: '3c50900894a52a945e877656a80bdac1') in 2.751936 seconds 
========================================================================
Received Import Request.
  Time since last request: 0.000335 seconds.
  path: Assets/DOTween/Editor/Imgs/DOTweenIcon.png
  artifactKey: Guid(fa50d4f2346a2487593220cd4c264a79) Importer(815301076,1909f56bfc062723c751e8b465ee728b)
Start importing Assets/DOTween/Editor/Imgs/DOTweenIcon.png using Guid(fa50d4f2346a2487593220cd4c264a79) Importer(815301076,1909f56bfc062723c751e8b465ee728b)  -> (artifact id: '3d74cc52946b58125540b9c9ba23f06d') in 0.027987 seconds 
========================================================================
Received Import Request.
  Time since last request: 0.000341 seconds.
  path: Assets/_Shapes&Icons/UI_Cursor.png
  artifactKey: Guid(64873ad07e62346a5852ab538f115992) Importer(815301076,1909f56bfc062723c751e8b465ee728b)
Start importing Assets/_Shapes&Icons/UI_Cursor.png using Guid(64873ad07e62346a5852ab538f115992) Importer(815301076,1909f56bfc062723c751e8b465ee728b)  -> (artifact id: '5cccbda278f0e45742848dbf69bdb89f') in 0.030093 seconds 
========================================================================
Received Import Request.
  Time since last request: 0.000341 seconds.
  path: Assets/_Shapes&Icons/Circle.png
  artifactKey: Guid(985a35af2ee664a22bfad5868544af1c) Importer(815301076,1909f56bfc062723c751e8b465ee728b)
Start importing Assets/_Shapes&Icons/Circle.png using Guid(985a35af2ee664a22bfad5868544af1c) Importer(815301076,1909f56bfc062723c751e8b465ee728b)  -> (artifact id: 'e9e33eaa2250fbf708002110856d36e6') in 0.022957 seconds 
========================================================================
Received Import Request.
  Time since last request: 0.000290 seconds.
  path: Assets/_Shapes&Icons/RoundSquare.png
  artifactKey: Guid(e367e114877354bae9305bc700209f23) Importer(815301076,1909f56bfc062723c751e8b465ee728b)
Start importing Assets/_Shapes&Icons/RoundSquare.png using Guid(e367e114877354bae9305bc700209f23) Importer(815301076,1909f56bfc062723c751e8b465ee728b)  -> (artifact id: '89f9841782224faffb42c9901539c3fe') in 0.023616 seconds 
========================================================================
Received Import Request.
  Time since last request: 0.000303 seconds.
  path: Assets/_Shapes&Icons/CircleFill.png
  artifactKey: Guid(dae4948d6f5e042bdbdfe639e3c4ddde) Importer(815301076,1909f56bfc062723c751e8b465ee728b)
Start importing Assets/_Shapes&Icons/CircleFill.png using Guid(dae4948d6f5e042bdbdfe639e3c4ddde) Importer(815301076,1909f56bfc062723c751e8b465ee728b)  -> (artifact id: 'f702dbb6630820339d88b2d257d7b21d') in 0.022669 seconds 
========================================================================
Received Import Request.
  Time since last request: 0.000326 seconds.
  path: Assets/Fonts/Typo_Round_Light_Italic_Demo SDF.asset
  artifactKey: Guid(0cefe344338dd433c91c5666b282d373) Importer(815301076,1909f56bfc062723c751e8b465ee728b)
Start importing Assets/Fonts/Typo_Round_Light_Italic_Demo SDF.asset using Guid(0cefe344338dd433c91c5666b282d373) Importer(815301076,1909f56bfc062723c751e8b465ee728b)  -> (artifact id: 'ab3a81e2009624b85ed3c233a7944d83') in 0.046330 seconds 
========================================================================
Received Import Request.
  Time since last request: 0.000322 seconds.
  path: Assets/_Shapes&Icons/UI_build_OK.png
  artifactKey: Guid(57f604d5f35a24f14a767d0b809e2803) Importer(815301076,1909f56bfc062723c751e8b465ee728b)
Start importing Assets/_Shapes&Icons/UI_build_OK.png using Guid(57f604d5f35a24f14a767d0b809e2803) Importer(815301076,1909f56bfc062723c751e8b465ee728b)  -> (artifact id: '2cf984d4b47b8b1a74525f2c3f27f875') in 0.022893 seconds 
========================================================================
Received Import Request.
  Time since last request: 0.000281 seconds.
  path: Assets/Fonts/Typo_Round_Italic_Demo.otf
  artifactKey: Guid(fafe5559968574d6daecd154703c8e95) Importer(815301076,1909f56bfc062723c751e8b465ee728b)
Start importing Assets/Fonts/Typo_Round_Italic_Demo.otf using Guid(fafe5559968574d6daecd154703c8e95) Importer(815301076,1909f56bfc062723c751e8b465ee728b)  -> (artifact id: 'b87d71a95d039e1264ec1eb5e184b297') in 0.022607 seconds 
========================================================================
Received Import Request.
  Time since last request: 0.000399 seconds.
  path: Assets/_Shapes&Icons/Pause.png
  artifactKey: Guid(2cb9f9b5162684a96aec390946cb2ac6) Importer(815301076,1909f56bfc062723c751e8b465ee728b)
Start importing Assets/_Shapes&Icons/Pause.png using Guid(2cb9f9b5162684a96aec390946cb2ac6) Importer(815301076,1909f56bfc062723c751e8b465ee728b)  -> (artifact id: 'acaa3fc1a32467732afeb75ffc6560a4') in 0.022757 seconds 
========================================================================
Received Import Request.
  Time since last request: 0.000361 seconds.
  path: Assets/_Shapes&Icons/handcursor.png
  artifactKey: Guid(2ccc9df0137ef4fca923a9f54e1c1b78) Importer(815301076,1909f56bfc062723c751e8b465ee728b)
Start importing Assets/_Shapes&Icons/handcursor.png using Guid(2ccc9df0137ef4fca923a9f54e1c1b78) Importer(815301076,1909f56bfc062723c751e8b465ee728b)  -> (artifact id: '44e4192fff0df268fc2b337567e3ab5d') in 0.024547 seconds 
========================================================================
Received Import Request.
  Time since last request: 0.000535 seconds.
  path: Assets/_Shapes&Icons/TriangleFill.png
  artifactKey: Guid(c6808148ce73640c7b798d547a673880) Importer(815301076,1909f56bfc062723c751e8b465ee728b)
Start importing Assets/_Shapes&Icons/TriangleFill.png using Guid(c6808148ce73640c7b798d547a673880) Importer(815301076,1909f56bfc062723c751e8b465ee728b)  -> (artifact id: 'abd9cf8826bf7540cacf0e2f3d2be0ff') in 0.024901 seconds 
========================================================================
Received Import Request.
  Time since last request: 0.000356 seconds.
  path: Assets/DOTween/Editor/Imgs/Header.jpg
  artifactKey: Guid(10b007573c4aa47e49fe21083f9e9472) Importer(815301076,1909f56bfc062723c751e8b465ee728b)
Start importing Assets/DOTween/Editor/Imgs/Header.jpg using Guid(10b007573c4aa47e49fe21083f9e9472) Importer(815301076,1909f56bfc062723c751e8b465ee728b)  -> (artifact id: '27116195b57bf5daaccf6054c490ff9b') in 0.951923 seconds 
========================================================================
Received Import Request.
  Time since last request: 0.000358 seconds.
  path: Assets/Fonts/Typo_Round_Bold_Demo SDF.asset
  artifactKey: Guid(8957985f83f35490b85d79e50681c6f0) Importer(815301076,1909f56bfc062723c751e8b465ee728b)
Start importing Assets/Fonts/Typo_Round_Bold_Demo SDF.asset using Guid(8957985f83f35490b85d79e50681c6f0) Importer(815301076,1909f56bfc062723c751e8b465ee728b)  -> (artifact id: 'bc85df7d092e5d6a091258b4e0f21d45') in 0.043243 seconds 
========================================================================
Received Import Request.
  Time since last request: 0.000291 seconds.
  path: Assets/Fonts/Typo_Round_Bold_Italic_Demo.otf
  artifactKey: Guid(376a3d144262e41c28925838ceb1f273) Importer(815301076,1909f56bfc062723c751e8b465ee728b)
Start importing Assets/Fonts/Typo_Round_Bold_Italic_Demo.otf using Guid(376a3d144262e41c28925838ceb1f273) Importer(815301076,1909f56bfc062723c751e8b465ee728b)  -> (artifact id: '7409231bcbe4a0a110c79b24d87b0a62') in 0.021768 seconds 
========================================================================
Received Import Request.
  Time since last request: 0.000288 seconds.
  path: Assets/_Shapes&Icons/Line.png
  artifactKey: Guid(dcd7debbbca734c638e9ff188863460a) Importer(815301076,1909f56bfc062723c751e8b465ee728b)
Start importing Assets/_Shapes&Icons/Line.png using Guid(dcd7debbbca734c638e9ff188863460a) Importer(815301076,1909f56bfc062723c751e8b465ee728b)  -> (artifact id: '97b7a3048692439e76eb6b61b1a78aa7') in 0.023216 seconds 
========================================================================
Received Import Request.
  Time since last request: 0.000321 seconds.
  path: Assets/_Shapes&Icons/UImouse_scroll.png
  artifactKey: Guid(fa2368b2557f84e439a9539fac7a143e) Importer(815301076,1909f56bfc062723c751e8b465ee728b)
Start importing Assets/_Shapes&Icons/UImouse_scroll.png using Guid(fa2368b2557f84e439a9539fac7a143e) Importer(815301076,1909f56bfc062723c751e8b465ee728b)  -> (artifact id: 'aa030b54c4fe2fae8dce60c8eb76ae62') in 0.022749 seconds 
========================================================================
Received Import Request.
  Time since last request: 0.000329 seconds.
  path: Assets/_Shapes&Icons/Square.png
  artifactKey: Guid(26fbd4949bb724d359bdab9ea78d85e9) Importer(815301076,1909f56bfc062723c751e8b465ee728b)
Start importing Assets/_Shapes&Icons/Square.png using Guid(26fbd4949bb724d359bdab9ea78d85e9) Importer(815301076,1909f56bfc062723c751e8b465ee728b)  -> (artifact id: '7299925fd6502b337c6505a0f1379e9a') in 0.029835 seconds 
========================================================================
Received Import Request.
  Time since last request: 0.000325 seconds.
  path: Assets/_Shapes&Icons/ArcTriangle.png
  artifactKey: Guid(ccf3dd143504f41d587772441dc413a6) Importer(815301076,1909f56bfc062723c751e8b465ee728b)
Start importing Assets/_Shapes&Icons/ArcTriangle.png using Guid(ccf3dd143504f41d587772441dc413a6) Importer(815301076,1909f56bfc062723c751e8b465ee728b)  -> (artifact id: '4ce78846681a17acda71f9869211d224') in 0.022400 seconds 
========================================================================
Received Import Request.
  Time since last request: 0.000300 seconds.
  path: Assets/_Shapes&Icons/InfoIcon.png
  artifactKey: Guid(44ffa38940d0c45b28cbaa820cd3d076) Importer(815301076,1909f56bfc062723c751e8b465ee728b)
Start importing Assets/_Shapes&Icons/InfoIcon.png using Guid(44ffa38940d0c45b28cbaa820cd3d076) Importer(815301076,1909f56bfc062723c751e8b465ee728b)  -> (artifact id: '246538e582c6e6c9509777bcdd6f3b89') in 0.026330 seconds 
========================================================================
Received Import Request.
  Time since last request: 0.000329 seconds.
  path: Assets/_Shapes&Icons/ArrowKeys.png
  artifactKey: Guid(09ec11f41ab8b43cbbfbec1e16e0c7f1) Importer(815301076,1909f56bfc062723c751e8b465ee728b)
Start importing Assets/_Shapes&Icons/ArrowKeys.png using Guid(09ec11f41ab8b43cbbfbec1e16e0c7f1) Importer(815301076,1909f56bfc062723c751e8b465ee728b)  -> (artifact id: 'e229bd9703e32803cc81806537ad10f5') in 0.021212 seconds 
========================================================================
Received Import Request.
  Time since last request: 0.000352 seconds.
  path: Assets/TextMesh Pro/Sprites/EmojiOne.png
  artifactKey: Guid(dffef66376be4fa480fb02b19edbe903) Importer(815301076,1909f56bfc062723c751e8b465ee728b)
Start importing Assets/TextMesh Pro/Sprites/EmojiOne.png using Guid(dffef66376be4fa480fb02b19edbe903) Importer(815301076,1909f56bfc062723c751e8b465ee728b)  -> (artifact id: '7a22c1d791629a5f25facecfb01edaf5') in 0.038648 seconds 
========================================================================
Received Import Request.
  Time since last request: 0.000314 seconds.
  path: Assets/_Shapes&Icons/UImouse_left.png
  artifactKey: Guid(9e5766e8cac9f497aa6f488c6371fbac) Importer(815301076,1909f56bfc062723c751e8b465ee728b)
Start importing Assets/_Shapes&Icons/UImouse_left.png using Guid(9e5766e8cac9f497aa6f488c6371fbac) Importer(815301076,1909f56bfc062723c751e8b465ee728b)  -> (artifact id: '572d335c91db271591527de350434c52') in 0.024249 seconds 
========================================================================
Received Import Request.
  Time since last request: 0.000327 seconds.
  path: Assets/DOTween/Editor/Imgs/DOTweenMiniIcon.png
  artifactKey: Guid(4391f7a881301400e8c1d8a97fdb8d1c) Importer(815301076,1909f56bfc062723c751e8b465ee728b)
Start importing Assets/DOTween/Editor/Imgs/DOTweenMiniIcon.png using Guid(4391f7a881301400e8c1d8a97fdb8d1c) Importer(815301076,1909f56bfc062723c751e8b465ee728b)  -> (artifact id: '208fdae19a091bad80224a61c103db63') in 0.019286 seconds 
========================================================================
Received Import Request.
  Time since last request: 0.000356 seconds.
  path: Assets/Fonts/Typo_Round_Thin_Demo SDF.asset
  artifactKey: Guid(91d33ffb30167449189e3f628ee3a0da) Importer(815301076,1909f56bfc062723c751e8b465ee728b)
Start importing Assets/Fonts/Typo_Round_Thin_Demo SDF.asset using Guid(91d33ffb30167449189e3f628ee3a0da) Importer(815301076,1909f56bfc062723c751e8b465ee728b)  -> (artifact id: 'ea1221be4f9bc083dbc48157bb5452e0') in 0.042608 seconds 
========================================================================
Received Import Request.
  Time since last request: 0.000357 seconds.
  path: Assets/_Shapes&Icons/UImouse_right.png
  artifactKey: Guid(753a59f5fac3d4fb1bb3e12d44732eae) Importer(815301076,1909f56bfc062723c751e8b465ee728b)
Start importing Assets/_Shapes&Icons/UImouse_right.png using Guid(753a59f5fac3d4fb1bb3e12d44732eae) Importer(815301076,1909f56bfc062723c751e8b465ee728b)  -> (artifact id: '8c2cb576090695ce338916ac01918b62') in 0.027644 seconds 
========================================================================
Received Import Request.
  Time since last request: 0.000354 seconds.
  path: Assets/_Shapes&Icons/Checkered.png
  artifactKey: Guid(112b6ef51e75c482297259ae6226b5ca) Importer(815301076,1909f56bfc062723c751e8b465ee728b)
Start importing Assets/_Shapes&Icons/Checkered.png using Guid(112b6ef51e75c482297259ae6226b5ca) Importer(815301076,1909f56bfc062723c751e8b465ee728b)  -> (artifact id: '3dd29c443ff17c725f9bb058551e0152') in 0.021798 seconds 
========================================================================
Received Import Request.
  Time since last request: 0.000310 seconds.
  path: Assets/_Shapes&Icons/Cross.png
  artifactKey: Guid(d8da6551f374143179888fd84096992e) Importer(815301076,1909f56bfc062723c751e8b465ee728b)
Start importing Assets/_Shapes&Icons/Cross.png using Guid(d8da6551f374143179888fd84096992e) Importer(815301076,1909f56bfc062723c751e8b465ee728b)  -> (artifact id: '0e28c52fcef12f0d999e00c6f166cd95') in 0.020859 seconds 
========================================================================
Received Import Request.
  Time since last request: 0.000347 seconds.
  path: Assets/_Shapes&Icons/icon-shuffle.png
  artifactKey: Guid(5180fd435a46f4885a292e0da3b50f15) Importer(815301076,1909f56bfc062723c751e8b465ee728b)
Start importing Assets/_Shapes&Icons/icon-shuffle.png using Guid(5180fd435a46f4885a292e0da3b50f15) Importer(815301076,1909f56bfc062723c751e8b465ee728b)  -> (artifact id: 'c7c6ea0c85ab056be468f4ed8931493e') in 0.049612 seconds 
========================================================================
Received Import Request.
  Time since last request: 0.000487 seconds.
  path: Assets/Fonts/Typo_Round_Bold_Italic_Demo SDF.asset
  artifactKey: Guid(8dc95a58c2c96433db88750403290de0) Importer(815301076,1909f56bfc062723c751e8b465ee728b)
Start importing Assets/Fonts/Typo_Round_Bold_Italic_Demo SDF.asset using Guid(8dc95a58c2c96433db88750403290de0) Importer(815301076,1909f56bfc062723c751e8b465ee728b)  -> (artifact id: '937f8eac5afb3d007b59be36df9012c8') in 0.040632 seconds 
========================================================================
Received Import Request.
  Time since last request: 0.000377 seconds.
  path: Assets/Fonts/Typo_Round_Light_Demo.otf
  artifactKey: Guid(0a589ea488a4849e5948afd92f45b7fe) Importer(815301076,1909f56bfc062723c751e8b465ee728b)
Start importing Assets/Fonts/Typo_Round_Light_Demo.otf using Guid(0a589ea488a4849e5948afd92f45b7fe) Importer(815301076,1909f56bfc062723c751e8b465ee728b)  -> (artifact id: '6b9783703c0d5c56a8d094e14e603baa') in 0.020503 seconds 
========================================================================
Received Import Request.
  Time since last request: 0.000374 seconds.
  path: Assets/Fonts/Typo_Round_Thin_Italic Demo.otf
  artifactKey: Guid(5a8a793942a5040ceb3f7a4e0b5923eb) Importer(815301076,1909f56bfc062723c751e8b465ee728b)
Start importing Assets/Fonts/Typo_Round_Thin_Italic Demo.otf using Guid(5a8a793942a5040ceb3f7a4e0b5923eb) Importer(815301076,1909f56bfc062723c751e8b465ee728b)  -> (artifact id: '8a8518e363e3d4708cc0ebf6e6bf34db') in 0.024442 seconds 
========================================================================
Received Import Request.
  Time since last request: 0.000291 seconds.
  path: Assets/_Shapes&Icons/HexagonFill.png
  artifactKey: Guid(5c1ae99547dc345feb4e89c88dc196d3) Importer(815301076,1909f56bfc062723c751e8b465ee728b)
Start importing Assets/_Shapes&Icons/HexagonFill.png using Guid(5c1ae99547dc345feb4e89c88dc196d3) Importer(815301076,1909f56bfc062723c751e8b465ee728b)  -> (artifact id: '48f1230932ecd53962fb7a865d0e9adf') in 0.020586 seconds 
========================================================================
Received Import Request.
  Time since last request: 0.000333 seconds.
  path: Assets/_Shapes&Icons/icon-phone.png
  artifactKey: Guid(103ffb5b500db43fab49ac41699193aa) Importer(815301076,1909f56bfc062723c751e8b465ee728b)
Start importing Assets/_Shapes&Icons/icon-phone.png using Guid(103ffb5b500db43fab49ac41699193aa) Importer(815301076,1909f56bfc062723c751e8b465ee728b)  -> (artifact id: '02879693fdd3e9ae700d291a1dd4fc30') in 0.023805 seconds 
========================================================================
Received Import Request.
  Time since last request: 0.000355 seconds.
  path: Assets/Fonts/Typo_Round_Thin_Demo.otf
  artifactKey: Guid(be9b7b2c5f49949afbb8fd8fa037b766) Importer(815301076,1909f56bfc062723c751e8b465ee728b)
Start importing Assets/Fonts/Typo_Round_Thin_Demo.otf using Guid(be9b7b2c5f49949afbb8fd8fa037b766) Importer(815301076,1909f56bfc062723c751e8b465ee728b)  -> (artifact id: '82fc202d8efb2b0820da567183e5dfa1') in 0.019422 seconds 
========================================================================
Received Import Request.
  Time since last request: 0.000387 seconds.
  path: Assets/_Shapes&Icons/PentagonFill.png
  artifactKey: Guid(3661ff28f319f41e9887f904d9d93646) Importer(815301076,1909f56bfc062723c751e8b465ee728b)
Start importing Assets/_Shapes&Icons/PentagonFill.png using Guid(3661ff28f319f41e9887f904d9d93646) Importer(815301076,1909f56bfc062723c751e8b465ee728b)  -> (artifact id: '89bc04c322e8366db68d230a9053ec2b') in 0.020194 seconds 
========================================================================
Received Import Request.
  Time since last request: 0.000405 seconds.
  path: Assets/_Shapes&Icons/PersonFill.png
  artifactKey: Guid(fa69ebfb42efa4df3a9e9a4b99d6de74) Importer(815301076,1909f56bfc062723c751e8b465ee728b)
Start importing Assets/_Shapes&Icons/PersonFill.png using Guid(fa69ebfb42efa4df3a9e9a4b99d6de74) Importer(815301076,1909f56bfc062723c751e8b465ee728b)  -> (artifact id: 'a0d1fcffdde9ead9559946678b6eef09') in 0.019841 seconds 
========================================================================
Received Import Request.
  Time since last request: 0.000382 seconds.
  path: Assets/_Shapes&Icons/LongLine.png
  artifactKey: Guid(42d3b7d8b48a0447bac4457cd1a898fa) Importer(815301076,1909f56bfc062723c751e8b465ee728b)
Start importing Assets/_Shapes&Icons/LongLine.png using Guid(42d3b7d8b48a0447bac4457cd1a898fa) Importer(815301076,1909f56bfc062723c751e8b465ee728b)  -> (artifact id: '65850fdcbf5f2bc173a790705e7a868f') in 0.019853 seconds 
========================================================================
Received Import Request.
  Time since last request: 0.000321 seconds.
  path: Assets/Fonts/Typo_Round_Bold_Demo.otf
  artifactKey: Guid(3f1f92515369542e1b9338f9894f1dc7) Importer(815301076,1909f56bfc062723c751e8b465ee728b)
Start importing Assets/Fonts/Typo_Round_Bold_Demo.otf using Guid(3f1f92515369542e1b9338f9894f1dc7) Importer(815301076,1909f56bfc062723c751e8b465ee728b)  -> (artifact id: 'c62aa8a9d1e01f484c2df18613340530') in 0.021513 seconds 
========================================================================
Received Import Request.
  Time since last request: 0.000396 seconds.
  path: Assets/_Shapes&Icons/BackIcon.png
  artifactKey: Guid(c400b6209eb0c4858ab42429dc324b6b) Importer(815301076,1909f56bfc062723c751e8b465ee728b)
Start importing Assets/_Shapes&Icons/BackIcon.png using Guid(c400b6209eb0c4858ab42429dc324b6b) Importer(815301076,1909f56bfc062723c751e8b465ee728b)  -> (artifact id: '8c0719b081a3f941388dad364f677002') in 0.031045 seconds 
========================================================================
Received Prepare
Refreshing native plugins compatible for Editor in 4.44 ms, found 3 plugins.
Preloading 0 native plugins for Editor in 0.00 ms.
Unloading 14 Unused Serialized files (Serialized files now loaded: 0)
System memory in use before: 195.4 MB.
System memory in use after: 195.6 MB.

Unloading 14 unused Assets to reduce memory usage. Loaded Objects now: 2853.
Total: 5.816232 ms (FindLiveObjects: 0.247400 ms CreateObjectMapping: 0.131712 ms MarkObjects: 5.408600 ms  DeleteObjects: 0.027439 ms)

AssetImportParameters requested are different than current active one (requested -> active):
  custom:video-decoder-ogg-theora: a1e56fd34408186e4bbccfd4996cb3dc -> 
  custom:container-muxer-webm: aa71ff27fc2769a1b78a27578f13a17b -> 
  custom:container-demuxer-webm: 4f35f7cbe854078d1ac9338744f61a02 -> 
  custom:container-demuxer-ogg: 62fdf1f143b41e24485cea50d1cbac27 -> 
  custom:video-encoder-webm-vp8: eb34c28f22e8b96e1ab97ce403110664 -> 
  custom:framework-osx-AVFoundation: e770b220cccbd017edd2c1fefb359320 -> 
  custom:video-decoder-webm-vp8: 9c59270c3fd7afecdb556c50c9e8de78 -> 
  custom:audio-decoder-ogg-vorbis: bf7c407c2cedff20999df2af8eb42d56 -> 
  custom:audio-encoder-webm-vorbis: bf7c407c2cedff20999df2af8eb42d56 -> 
========================================================================
Received Import Request.
  Time since last request: 511.945525 seconds.
  path: Assets/Scripts/DrawIfAttribute.cs
  artifactKey: Guid(3a76a326fc8b64274b39611fa7fbd592) Importer(815301076,1909f56bfc062723c751e8b465ee728b)
Start importing Assets/Scripts/DrawIfAttribute.cs using Guid(3a76a326fc8b64274b39611fa7fbd592) Importer(815301076,1909f56bfc062723c751e8b465ee728b)  -> (artifact id: '8cb1230ecacaccd8f3747ee6830acbad') in 0.296690 seconds 
========================================================================
Received Import Request.
  Time since last request: 0.956773 seconds.
  path: Assets/Scripts/GameManager.cs
  artifactKey: Guid(bcd90f77f45924270a52b5db3f9d2866) Importer(815301076,1909f56bfc062723c751e8b465ee728b)
Start importing Assets/Scripts/GameManager.cs using Guid(bcd90f77f45924270a52b5db3f9d2866) Importer(815301076,1909f56bfc062723c751e8b465ee728b)  -> (artifact id: '7b9cbe83e7f86dae4ce8e435a71a0a76') in 0.005087 seconds 
========================================================================
Received Import Request.
  Time since last request: 0.181581 seconds.
  path: Assets/Scripts/ScoreManager.cs
  artifactKey: Guid(85cce30847ebd417cac9c1720fccfb57) Importer(815301076,1909f56bfc062723c751e8b465ee728b)
Start importing Assets/Scripts/ScoreManager.cs using Guid(85cce30847ebd417cac9c1720fccfb57) Importer(815301076,1909f56bfc062723c751e8b465ee728b)  -> (artifact id: '65f9bb3469471ab012953d593a79c96d') in 0.005296 seconds 
========================================================================
Received Import Request.
  Time since last request: 0.163600 seconds.
  path: Assets/Scripts/Selection Button.prefab
  artifactKey: Guid(b80b918a0ba694f61b5def94fb06c925) Importer(815301076,1909f56bfc062723c751e8b465ee728b)
Start importing Assets/Scripts/Selection Button.prefab using Guid(b80b918a0ba694f61b5def94fb06c925) Importer(815301076,1909f56bfc062723c751e8b465ee728b)  -> (artifact id: '9eb18f9f5cddd726cfba1e87d2b59f02') in 0.468775 seconds 
========================================================================
Received Import Request.
  Time since last request: 0.000383 seconds.
  path: Assets/Scripts/Timer.cs
  artifactKey: Guid(35f69aec01a97431a831b224b5bb45b8) Importer(815301076,1909f56bfc062723c751e8b465ee728b)
Start importing Assets/Scripts/Timer.cs using Guid(35f69aec01a97431a831b224b5bb45b8) Importer(815301076,1909f56bfc062723c751e8b465ee728b)  -> (artifact id: '17b1c291ad4d7f2c402fd670c65bee21') in 0.001851 seconds 
========================================================================
Received Import Request.
  Time since last request: 0.000361 seconds.
  path: Assets/Scripts/SelectionButton.cs
  artifactKey: Guid(45b1ef4ae84ca473089ff8303702fe03) Importer(815301076,1909f56bfc062723c751e8b465ee728b)
Start importing Assets/Scripts/SelectionButton.cs using Guid(45b1ef4ae84ca473089ff8303702fe03) Importer(815301076,1909f56bfc062723c751e8b465ee728b)  -> (artifact id: 'a5b653cc5dc8180dd3d2f80d81c30250') in 0.002479 seconds 
========================================================================
Received Prepare
Registering precompiled user dll's ...
Registered in 0.002787 seconds.
Begin MonoManager ReloadAssembly
Native extension for WindowsStandalone target not found
Native extension for OSXStandalone target not found
Native extension for WebGL target not found
Refreshing native plugins compatible for Editor in 0.73 ms, found 3 plugins.
Preloading 0 native plugins for Editor in 0.00 ms.
2022-09-13 15:38:12.042 Unity[10641:161889] NSEventModifierFlagFunction specified to -setKeyEquivalentModifierMask: for item <NSMenuItem: 0x600002529f10 Font Asset, ke='Command-F12'>, but is only supported for system-provided menu items; will not be used
Mono: successfully reloaded assembly
- Completed reload, in  2.253 seconds
Domain Reload Profiling:
	ReloadAssembly (2253ms)
		BeginReloadAssembly (302ms)
			ExecutionOrderSort (0ms)
			DisableScriptedObjects (15ms)
			BackupInstance (0ms)
			ReleaseScriptingObjects (0ms)
			CreateAndSetChildDomain (136ms)
		EndReloadAssembly (1834ms)
			LoadAssemblies (217ms)
			RebuildTransferFunctionScriptingTraits (0ms)
			SetupTypeCache (636ms)
			ReleaseScriptCaches (1ms)
			RebuildScriptCaches (119ms)
			SetupLoadedEditorAssemblies (690ms)
				LogAssemblyErrors (0ms)
				InitializePlatformSupportModulesInManaged (9ms)
				SetLoadedEditorAssemblies (1ms)
				RefreshPlugins (1ms)
				BeforeProcessingInitializeOnLoad (243ms)
				ProcessInitializeOnLoadAttributes (407ms)
				ProcessInitializeOnLoadMethodAttributes (26ms)
				AfterProcessingInitializeOnLoad (3ms)
				EditorAssembliesLoaded (0ms)
			ExecutionOrderSort2 (0ms)
			AwakeInstancesAfterBackupRestoration (7ms)
Platform modules already initialized, skipping
Switching build target platform(2) subTarget(0) extendedPlatform(0) -> platform(13) subTarget(537395200) extendedPlatform(0)
Refreshing native plugins compatible for Editor in 0.69 ms, found 3 plugins.
Preloading 0 native plugins for Editor in 0.00 ms.
Unloading 2278 Unused Serialized files (Serialized files now loaded: 0)
System memory in use before: 246.5 MB.
System memory in use after: 246.8 MB.

Unloading 17 unused Assets to reduce memory usage. Loaded Objects now: 2857.
Total: 5.321120 ms (FindLiveObjects: 0.442270 ms CreateObjectMapping: 0.255090 ms MarkObjects: 4.587676 ms  DeleteObjects: 0.031319 ms)

AssetImportParameters requested are different than current active one (requested -> active):
  custom:video-decoder-ogg-theora: a1e56fd34408186e4bbccfd4996cb3dc -> 
  custom:container-muxer-webm: aa71ff27fc2769a1b78a27578f13a17b -> 
  custom:container-demuxer-webm: 4f35f7cbe854078d1ac9338744f61a02 -> 
  custom:container-demuxer-ogg: 62fdf1f143b41e24485cea50d1cbac27 -> 
  custom:video-encoder-webm-vp8: eb34c28f22e8b96e1ab97ce403110664 -> 
  custom:framework-osx-AVFoundation: e770b220cccbd017edd2c1fefb359320 -> 
  custom:video-decoder-webm-vp8: 9c59270c3fd7afecdb556c50c9e8de78 -> 
  custom:graphics/normal-map-encoding: 01000000000000000000000000000000 -> 02000000000000000000000000000000
  custom:audio-decoder-ogg-vorbis: bf7c407c2cedff20999df2af8eb42d56 -> 
  custom:audio-encoder-webm-vorbis: bf7c407c2cedff20999df2af8eb42d56 -> 
========================================================================
Received Prepare
Refreshing native plugins compatible for Editor in 3.44 ms, found 3 plugins.
Preloading 0 native plugins for Editor in 0.00 ms.
Unloading 14 Unused Serialized files (Serialized files now loaded: 0)
System memory in use before: 201.1 MB.
System memory in use after: 201.3 MB.

Unloading 14 unused Assets to reduce memory usage. Loaded Objects now: 2857.
Total: 4.154144 ms (FindLiveObjects: 0.225514 ms CreateObjectMapping: 0.163382 ms MarkObjects: 3.739011 ms  DeleteObjects: 0.025323 ms)

AssetImportParameters requested are different than current active one (requested -> active):
  custom:video-decoder-ogg-theora: a1e56fd34408186e4bbccfd4996cb3dc -> 
  custom:container-muxer-webm: aa71ff27fc2769a1b78a27578f13a17b -> 
  custom:container-demuxer-webm: 4f35f7cbe854078d1ac9338744f61a02 -> 
  custom:container-demuxer-ogg: 62fdf1f143b41e24485cea50d1cbac27 -> 
  custom:video-encoder-webm-vp8: eb34c28f22e8b96e1ab97ce403110664 -> 
  custom:framework-osx-AVFoundation: e770b220cccbd017edd2c1fefb359320 -> 
  custom:video-decoder-webm-vp8: 9c59270c3fd7afecdb556c50c9e8de78 -> 
  custom:audio-decoder-ogg-vorbis: bf7c407c2cedff20999df2af8eb42d56 -> 
  custom:audio-encoder-webm-vorbis: bf7c407c2cedff20999df2af8eb42d56 -> 
========================================================================
Received Import Request.
  Time since last request: 972.417972 seconds.
  path: Assets/_Shapes&Icons/UI_build_OK.png
  artifactKey: Guid(57f604d5f35a24f14a767d0b809e2803) Importer(815301076,1909f56bfc062723c751e8b465ee728b)
Start importing Assets/_Shapes&Icons/UI_build_OK.png using Guid(57f604d5f35a24f14a767d0b809e2803) Importer(815301076,1909f56bfc062723c751e8b465ee728b)  -> (artifact id: 'af5b3417f7c9cab570841ee6dc8f65e8') in 0.089104 seconds 
========================================================================
Received Prepare
Refreshing native plugins compatible for Editor in 3.33 ms, found 3 plugins.
Preloading 0 native plugins for Editor in 0.00 ms.
Unloading 14 Unused Serialized files (Serialized files now loaded: 0)
System memory in use before: 201.8 MB.
System memory in use after: 202.0 MB.

Unloading 14 unused Assets to reduce memory usage. Loaded Objects now: 2858.
Total: 4.582304 ms (FindLiveObjects: 0.247236 ms CreateObjectMapping: 0.141711 ms MarkObjects: 4.172499 ms  DeleteObjects: 0.020122 ms)

AssetImportParameters requested are different than current active one (requested -> active):
  custom:video-decoder-ogg-theora: a1e56fd34408186e4bbccfd4996cb3dc -> 
  custom:container-muxer-webm: aa71ff27fc2769a1b78a27578f13a17b -> 
  custom:container-demuxer-webm: 4f35f7cbe854078d1ac9338744f61a02 -> 
  custom:container-demuxer-ogg: 62fdf1f143b41e24485cea50d1cbac27 -> 
  custom:video-encoder-webm-vp8: eb34c28f22e8b96e1ab97ce403110664 -> 
  custom:framework-osx-AVFoundation: e770b220cccbd017edd2c1fefb359320 -> 
  custom:video-decoder-webm-vp8: 9c59270c3fd7afecdb556c50c9e8de78 -> 
  custom:audio-decoder-ogg-vorbis: bf7c407c2cedff20999df2af8eb42d56 -> 
  custom:audio-encoder-webm-vorbis: bf7c407c2cedff20999df2af8eb42d56 -> 
========================================================================
Received Prepare
Registering precompiled user dll's ...
Registered in 0.002717 seconds.
Begin MonoManager ReloadAssembly
Native extension for WindowsStandalone target not found
Native extension for OSXStandalone target not found
Native extension for WebGL target not found
Refreshing native plugins compatible for Editor in 0.61 ms, found 3 plugins.
Preloading 0 native plugins for Editor in 0.00 ms.
2022-09-13 15:51:20.013 Unity[10641:161889] NSEventModifierFlagFunction specified to -setKeyEquivalentModifierMask: for item <NSMenuItem: 0x60000257d2d0 Font Asset, ke='Command-F12'>, but is only supported for system-provided menu items; will not be used
Mono: successfully reloaded assembly
- Completed reload, in  1.869 seconds
Domain Reload Profiling:
	ReloadAssembly (1869ms)
		BeginReloadAssembly (205ms)
			ExecutionOrderSort (0ms)
			DisableScriptedObjects (10ms)
			BackupInstance (0ms)
			ReleaseScriptingObjects (0ms)
			CreateAndSetChildDomain (67ms)
		EndReloadAssembly (1569ms)
			LoadAssemblies (195ms)
			RebuildTransferFunctionScriptingTraits (0ms)
			SetupTypeCache (509ms)
			ReleaseScriptCaches (1ms)
			RebuildScriptCaches (99ms)
			SetupLoadedEditorAssemblies (584ms)
				LogAssemblyErrors (0ms)
				InitializePlatformSupportModulesInManaged (9ms)
				SetLoadedEditorAssemblies (1ms)
				RefreshPlugins (1ms)
				BeforeProcessingInitializeOnLoad (199ms)
				ProcessInitializeOnLoadAttributes (346ms)
				ProcessInitializeOnLoadMethodAttributes (25ms)
				AfterProcessingInitializeOnLoad (3ms)
				EditorAssembliesLoaded (0ms)
			ExecutionOrderSort2 (0ms)
			AwakeInstancesAfterBackupRestoration (7ms)
Platform modules already initialized, skipping
Switching build target platform(2) subTarget(0) extendedPlatform(0) -> platform(13) subTarget(537395200) extendedPlatform(0)
Refreshing native plugins compatible for Editor in 0.61 ms, found 3 plugins.
Preloading 0 native plugins for Editor in 0.00 ms.
Unloading 2278 Unused Serialized files (Serialized files now loaded: 0)
System memory in use before: 246.8 MB.
System memory in use after: 247.0 MB.

Unloading 16 unused Assets to reduce memory usage. Loaded Objects now: 2861.
Total: 4.162904 ms (FindLiveObjects: 0.221653 ms CreateObjectMapping: 0.125928 ms MarkObjects: 3.779055 ms  DeleteObjects: 0.035387 ms)

AssetImportParameters requested are different than current active one (requested -> active):
  custom:video-decoder-ogg-theora: a1e56fd34408186e4bbccfd4996cb3dc -> 
  custom:container-muxer-webm: aa71ff27fc2769a1b78a27578f13a17b -> 
  custom:container-demuxer-webm: 4f35f7cbe854078d1ac9338744f61a02 -> 
  custom:container-demuxer-ogg: 62fdf1f143b41e24485cea50d1cbac27 -> 
  custom:video-encoder-webm-vp8: eb34c28f22e8b96e1ab97ce403110664 -> 
  custom:framework-osx-AVFoundation: e770b220cccbd017edd2c1fefb359320 -> 
  custom:video-decoder-webm-vp8: 9c59270c3fd7afecdb556c50c9e8de78 -> 
  custom:graphics/normal-map-encoding: 01000000000000000000000000000000 -> 02000000000000000000000000000000
  custom:audio-decoder-ogg-vorbis: bf7c407c2cedff20999df2af8eb42d56 -> 
  custom:audio-encoder-webm-vorbis: bf7c407c2cedff20999df2af8eb42d56 -> 
========================================================================
Received Prepare
Registering precompiled user dll's ...
Registered in 0.002880 seconds.
Begin MonoManager ReloadAssembly
Native extension for WindowsStandalone target not found
Native extension for OSXStandalone target not found
Native extension for WebGL target not found
Refreshing native plugins compatible for Editor in 0.71 ms, found 3 plugins.
Preloading 0 native plugins for Editor in 0.00 ms.
2022-09-13 15:51:37.315 Unity[10641:161889] NSEventModifierFlagFunction specified to -setKeyEquivalentModifierMask: for item <NSMenuItem: 0x600002534930 Font Asset, ke='Command-F12'>, but is only supported for system-provided menu items; will not be used
Mono: successfully reloaded assembly
- Completed reload, in  2.030 seconds
Domain Reload Profiling:
	ReloadAssembly (2031ms)
		BeginReloadAssembly (199ms)
			ExecutionOrderSort (0ms)
			DisableScriptedObjects (11ms)
			BackupInstance (0ms)
			ReleaseScriptingObjects (0ms)
			CreateAndSetChildDomain (95ms)
		EndReloadAssembly (1722ms)
			LoadAssemblies (136ms)
			RebuildTransferFunctionScriptingTraits (0ms)
			SetupTypeCache (582ms)
			ReleaseScriptCaches (1ms)
			RebuildScriptCaches (98ms)
			SetupLoadedEditorAssemblies (672ms)
				LogAssemblyErrors (0ms)
				InitializePlatformSupportModulesInManaged (11ms)
				SetLoadedEditorAssemblies (1ms)
				RefreshPlugins (1ms)
				BeforeProcessingInitializeOnLoad (238ms)
				ProcessInitializeOnLoadAttributes (391ms)
				ProcessInitializeOnLoadMethodAttributes (25ms)
				AfterProcessingInitializeOnLoad (5ms)
				EditorAssembliesLoaded (0ms)
			ExecutionOrderSort2 (0ms)
			AwakeInstancesAfterBackupRestoration (10ms)
Platform modules already initialized, skipping
Switching build target platform(2) subTarget(0) extendedPlatform(0) -> platform(13) subTarget(537395200) extendedPlatform(0)
Refreshing native plugins compatible for Editor in 0.62 ms, found 3 plugins.
Preloading 0 native plugins for Editor in 0.00 ms.
Unloading 2278 Unused Serialized files (Serialized files now loaded: 0)
System memory in use before: 247.0 MB.
System memory in use after: 247.2 MB.

Unloading 16 unused Assets to reduce memory usage. Loaded Objects now: 2864.
Total: 3.908497 ms (FindLiveObjects: 0.225111 ms CreateObjectMapping: 0.123199 ms MarkObjects: 3.533760 ms  DeleteObjects: 0.025430 ms)

AssetImportParameters requested are different than current active one (requested -> active):
  custom:video-decoder-ogg-theora: a1e56fd34408186e4bbccfd4996cb3dc -> 
  custom:container-muxer-webm: aa71ff27fc2769a1b78a27578f13a17b -> 
  custom:container-demuxer-webm: 4f35f7cbe854078d1ac9338744f61a02 -> 
  custom:container-demuxer-ogg: 62fdf1f143b41e24485cea50d1cbac27 -> 
  custom:video-encoder-webm-vp8: eb34c28f22e8b96e1ab97ce403110664 -> 
  custom:framework-osx-AVFoundation: e770b220cccbd017edd2c1fefb359320 -> 
  custom:video-decoder-webm-vp8: 9c59270c3fd7afecdb556c50c9e8de78 -> 
  custom:graphics/normal-map-encoding: 01000000000000000000000000000000 -> 02000000000000000000000000000000
  custom:audio-decoder-ogg-vorbis: bf7c407c2cedff20999df2af8eb42d56 -> 
  custom:audio-encoder-webm-vorbis: bf7c407c2cedff20999df2af8eb42d56 -> 
========================================================================
Received Prepare
Registering precompiled user dll's ...
Registered in 0.002714 seconds.
Begin MonoManager ReloadAssembly
Native extension for WindowsStandalone target not found
Native extension for OSXStandalone target not found
Native extension for WebGL target not found
Refreshing native plugins compatible for Editor in 0.60 ms, found 3 plugins.
Preloading 0 native plugins for Editor in 0.00 ms.
2022-09-13 15:52:10.122 Unity[10641:161889] NSEventModifierFlagFunction specified to -setKeyEquivalentModifierMask: for item <NSMenuItem: 0x6000025349a0 Font Asset, ke='Command-F12'>, but is only supported for system-provided menu items; will not be used
Mono: successfully reloaded assembly
- Completed reload, in  1.736 seconds
Domain Reload Profiling:
	ReloadAssembly (1737ms)
		BeginReloadAssembly (146ms)
			ExecutionOrderSort (0ms)
			DisableScriptedObjects (10ms)
			BackupInstance (0ms)
			ReleaseScriptingObjects (0ms)
			CreateAndSetChildDomain (63ms)
		EndReloadAssembly (1494ms)
			LoadAssemblies (109ms)
			RebuildTransferFunctionScriptingTraits (0ms)
			SetupTypeCache (500ms)
			ReleaseScriptCaches (1ms)
			RebuildScriptCaches (96ms)
			SetupLoadedEditorAssemblies (585ms)
				LogAssemblyErrors (0ms)
				InitializePlatformSupportModulesInManaged (9ms)
				SetLoadedEditorAssemblies (1ms)
				RefreshPlugins (1ms)
				BeforeProcessingInitializeOnLoad (197ms)
				ProcessInitializeOnLoadAttributes (349ms)
				ProcessInitializeOnLoadMethodAttributes (25ms)
				AfterProcessingInitializeOnLoad (3ms)
				EditorAssembliesLoaded (0ms)
			ExecutionOrderSort2 (0ms)
			AwakeInstancesAfterBackupRestoration (7ms)
Platform modules already initialized, skipping
Switching build target platform(2) subTarget(0) extendedPlatform(0) -> platform(13) subTarget(537395200) extendedPlatform(0)
Refreshing native plugins compatible for Editor in 0.59 ms, found 3 plugins.
Preloading 0 native plugins for Editor in 0.00 ms.
Unloading 2278 Unused Serialized files (Serialized files now loaded: 0)
System memory in use before: 247.2 MB.
System memory in use after: 247.4 MB.

Unloading 16 unused Assets to reduce memory usage. Loaded Objects now: 2867.
Total: 4.029374 ms (FindLiveObjects: 0.234940 ms CreateObjectMapping: 0.130725 ms MarkObjects: 3.636594 ms  DeleteObjects: 0.026326 ms)

AssetImportParameters requested are different than current active one (requested -> active):
  custom:video-decoder-ogg-theora: a1e56fd34408186e4bbccfd4996cb3dc -> 
  custom:container-muxer-webm: aa71ff27fc2769a1b78a27578f13a17b -> 
  custom:container-demuxer-webm: 4f35f7cbe854078d1ac9338744f61a02 -> 
  custom:container-demuxer-ogg: 62fdf1f143b41e24485cea50d1cbac27 -> 
  custom:video-encoder-webm-vp8: eb34c28f22e8b96e1ab97ce403110664 -> 
  custom:framework-osx-AVFoundation: e770b220cccbd017edd2c1fefb359320 -> 
  custom:video-decoder-webm-vp8: 9c59270c3fd7afecdb556c50c9e8de78 -> 
  custom:graphics/normal-map-encoding: 01000000000000000000000000000000 -> 02000000000000000000000000000000
  custom:audio-decoder-ogg-vorbis: bf7c407c2cedff20999df2af8eb42d56 -> 
  custom:audio-encoder-webm-vorbis: bf7c407c2cedff20999df2af8eb42d56 -> 
========================================================================
Received Prepare
Registering precompiled user dll's ...
Registered in 0.002704 seconds.
Begin MonoManager ReloadAssembly
Native extension for WindowsStandalone target not found
Native extension for OSXStandalone target not found
Native extension for WebGL target not found
Refreshing native plugins compatible for Editor in 0.69 ms, found 3 plugins.
Preloading 0 native plugins for Editor in 0.00 ms.
2022-09-13 15:53:44.850 Unity[10641:161889] NSEventModifierFlagFunction specified to -setKeyEquivalentModifierMask: for item <NSMenuItem: 0x600002535110 Font Asset, ke='Command-F12'>, but is only supported for system-provided menu items; will not be used
Mono: successfully reloaded assembly
- Completed reload, in  1.806 seconds
Domain Reload Profiling:
	ReloadAssembly (1806ms)
		BeginReloadAssembly (154ms)
			ExecutionOrderSort (0ms)
			DisableScriptedObjects (11ms)
			BackupInstance (0ms)
			ReleaseScriptingObjects (0ms)
			CreateAndSetChildDomain (68ms)
		EndReloadAssembly (1558ms)
			LoadAssemblies (110ms)
			RebuildTransferFunctionScriptingTraits (0ms)
			SetupTypeCache (533ms)
			ReleaseScriptCaches (1ms)
			RebuildScriptCaches (97ms)
			SetupLoadedEditorAssemblies (613ms)
				LogAssemblyErrors (0ms)
				InitializePlatformSupportModulesInManaged (10ms)
				SetLoadedEditorAssemblies (1ms)
				RefreshPlugins (1ms)
				BeforeProcessingInitializeOnLoad (204ms)
				ProcessInitializeOnLoadAttributes (367ms)
				ProcessInitializeOnLoadMethodAttributes (27ms)
				AfterProcessingInitializeOnLoad (3ms)
				EditorAssembliesLoaded (0ms)
			ExecutionOrderSort2 (0ms)
			AwakeInstancesAfterBackupRestoration (7ms)
Platform modules already initialized, skipping
Switching build target platform(2) subTarget(0) extendedPlatform(0) -> platform(13) subTarget(537395200) extendedPlatform(0)
Refreshing native plugins compatible for Editor in 0.59 ms, found 3 plugins.
Preloading 0 native plugins for Editor in 0.00 ms.
Unloading 2278 Unused Serialized files (Serialized files now loaded: 0)
System memory in use before: 247.3 MB.
System memory in use after: 247.5 MB.

Unloading 16 unused Assets to reduce memory usage. Loaded Objects now: 2870.
Total: 4.215534 ms (FindLiveObjects: 0.235470 ms CreateObjectMapping: 0.158382 ms MarkObjects: 3.792660 ms  DeleteObjects: 0.027876 ms)

AssetImportParameters requested are different than current active one (requested -> active):
  custom:video-decoder-ogg-theora: a1e56fd34408186e4bbccfd4996cb3dc -> 
  custom:container-muxer-webm: aa71ff27fc2769a1b78a27578f13a17b -> 
  custom:container-demuxer-webm: 4f35f7cbe854078d1ac9338744f61a02 -> 
  custom:container-demuxer-ogg: 62fdf1f143b41e24485cea50d1cbac27 -> 
  custom:video-encoder-webm-vp8: eb34c28f22e8b96e1ab97ce403110664 -> 
  custom:framework-osx-AVFoundation: e770b220cccbd017edd2c1fefb359320 -> 
  custom:video-decoder-webm-vp8: 9c59270c3fd7afecdb556c50c9e8de78 -> 
  custom:graphics/normal-map-encoding: 01000000000000000000000000000000 -> 02000000000000000000000000000000
  custom:audio-decoder-ogg-vorbis: bf7c407c2cedff20999df2af8eb42d56 -> 
  custom:audio-encoder-webm-vorbis: bf7c407c2cedff20999df2af8eb42d56 -> 
========================================================================
Received Prepare
Registering precompiled user dll's ...
Registered in 0.002917 seconds.
Begin MonoManager ReloadAssembly
Native extension for WindowsStandalone target not found
Native extension for OSXStandalone target not found
Native extension for WebGL target not found
Refreshing native plugins compatible for Editor in 0.60 ms, found 3 plugins.
Preloading 0 native plugins for Editor in 0.00 ms.
2022-09-13 15:54:17.094 Unity[10641:161889] NSEventModifierFlagFunction specified to -setKeyEquivalentModifierMask: for item <NSMenuItem: 0x60000250d110 Font Asset, ke='Command-F12'>, but is only supported for system-provided menu items; will not be used
Mono: successfully reloaded assembly
- Completed reload, in  1.746 seconds
Domain Reload Profiling:
	ReloadAssembly (1747ms)
		BeginReloadAssembly (148ms)
			ExecutionOrderSort (0ms)
			DisableScriptedObjects (11ms)
			BackupInstance (0ms)
			ReleaseScriptingObjects (0ms)
			CreateAndSetChildDomain (68ms)
		EndReloadAssembly (1503ms)
			LoadAssemblies (99ms)
			RebuildTransferFunctionScriptingTraits (0ms)
			SetupTypeCache (496ms)
			ReleaseScriptCaches (1ms)
			RebuildScriptCaches (97ms)
			SetupLoadedEditorAssemblies (590ms)
				LogAssemblyErrors (0ms)
				InitializePlatformSupportModulesInManaged (9ms)
				SetLoadedEditorAssemblies (1ms)
				RefreshPlugins (1ms)
				BeforeProcessingInitializeOnLoad (203ms)
				ProcessInitializeOnLoadAttributes (349ms)
				ProcessInitializeOnLoadMethodAttributes (25ms)
				AfterProcessingInitializeOnLoad (3ms)
				EditorAssembliesLoaded (0ms)
			ExecutionOrderSort2 (0ms)
			AwakeInstancesAfterBackupRestoration (7ms)
Platform modules already initialized, skipping
Switching build target platform(2) subTarget(0) extendedPlatform(0) -> platform(13) subTarget(537395200) extendedPlatform(0)
Refreshing native plugins compatible for Editor in 0.60 ms, found 3 plugins.
Preloading 0 native plugins for Editor in 0.00 ms.
Unloading 2278 Unused Serialized files (Serialized files now loaded: 0)
System memory in use before: 247.5 MB.
System memory in use after: 247.8 MB.

Unloading 16 unused Assets to reduce memory usage. Loaded Objects now: 2873.
Total: 4.134171 ms (FindLiveObjects: 0.347211 ms CreateObjectMapping: 0.146197 ms MarkObjects: 3.612693 ms  DeleteObjects: 0.026876 ms)

AssetImportParameters requested are different than current active one (requested -> active):
  custom:video-decoder-ogg-theora: a1e56fd34408186e4bbccfd4996cb3dc -> 
  custom:container-muxer-webm: aa71ff27fc2769a1b78a27578f13a17b -> 
  custom:container-demuxer-webm: 4f35f7cbe854078d1ac9338744f61a02 -> 
  custom:container-demuxer-ogg: 62fdf1f143b41e24485cea50d1cbac27 -> 
  custom:video-encoder-webm-vp8: eb34c28f22e8b96e1ab97ce403110664 -> 
  custom:framework-osx-AVFoundation: e770b220cccbd017edd2c1fefb359320 -> 
  custom:video-decoder-webm-vp8: 9c59270c3fd7afecdb556c50c9e8de78 -> 
  custom:graphics/normal-map-encoding: 01000000000000000000000000000000 -> 02000000000000000000000000000000
  custom:audio-decoder-ogg-vorbis: bf7c407c2cedff20999df2af8eb42d56 -> 
  custom:audio-encoder-webm-vorbis: bf7c407c2cedff20999df2af8eb42d56 -> 
========================================================================
Received Prepare
Registering precompiled user dll's ...
Registered in 0.002817 seconds.
Begin MonoManager ReloadAssembly
Native extension for WindowsStandalone target not found
Native extension for OSXStandalone target not found
Native extension for WebGL target not found
Refreshing native plugins compatible for Editor in 0.60 ms, found 3 plugins.
Preloading 0 native plugins for Editor in 0.00 ms.
2022-09-13 15:55:35.352 Unity[10641:161889] NSEventModifierFlagFunction specified to -setKeyEquivalentModifierMask: for item <NSMenuItem: 0x600002575570 Font Asset, ke='Command-F12'>, but is only supported for system-provided menu items; will not be used
Mono: successfully reloaded assembly
- Completed reload, in  1.773 seconds
Domain Reload Profiling:
	ReloadAssembly (1774ms)
		BeginReloadAssembly (154ms)
			ExecutionOrderSort (0ms)
			DisableScriptedObjects (10ms)
			BackupInstance (0ms)
			ReleaseScriptingObjects (0ms)
			CreateAndSetChildDomain (72ms)
		EndReloadAssembly (1521ms)
			LoadAssemblies (105ms)
			RebuildTransferFunctionScriptingTraits (0ms)
			SetupTypeCache (498ms)
			ReleaseScriptCaches (2ms)
			RebuildScriptCaches (94ms)
			SetupLoadedEditorAssemblies (604ms)
				LogAssemblyErrors (0ms)
				InitializePlatformSupportModulesInManaged (9ms)
				SetLoadedEditorAssemblies (1ms)
				RefreshPlugins (1ms)
				BeforeProcessingInitializeOnLoad (207ms)
				ProcessInitializeOnLoadAttributes (353ms)
				ProcessInitializeOnLoadMethodAttributes (31ms)
				AfterProcessingInitializeOnLoad (3ms)
				EditorAssembliesLoaded (0ms)
			ExecutionOrderSort2 (0ms)
			AwakeInstancesAfterBackupRestoration (9ms)
Platform modules already initialized, skipping
Switching build target platform(2) subTarget(0) extendedPlatform(0) -> platform(13) subTarget(537395200) extendedPlatform(0)
Refreshing native plugins compatible for Editor in 0.59 ms, found 3 plugins.
Preloading 0 native plugins for Editor in 0.00 ms.
Unloading 2278 Unused Serialized files (Serialized files now loaded: 0)
System memory in use before: 247.7 MB.
System memory in use after: 247.9 MB.

Unloading 16 unused Assets to reduce memory usage. Loaded Objects now: 2876.
Total: 3.979756 ms (FindLiveObjects: 0.241252 ms CreateObjectMapping: 0.114807 ms MarkObjects: 3.598351 ms  DeleteObjects: 0.024457 ms)

AssetImportParameters requested are different than current active one (requested -> active):
  custom:video-decoder-ogg-theora: a1e56fd34408186e4bbccfd4996cb3dc -> 
  custom:container-muxer-webm: aa71ff27fc2769a1b78a27578f13a17b -> 
  custom:container-demuxer-webm: 4f35f7cbe854078d1ac9338744f61a02 -> 
  custom:container-demuxer-ogg: 62fdf1f143b41e24485cea50d1cbac27 -> 
  custom:video-encoder-webm-vp8: eb34c28f22e8b96e1ab97ce403110664 -> 
  custom:framework-osx-AVFoundation: e770b220cccbd017edd2c1fefb359320 -> 
  custom:video-decoder-webm-vp8: 9c59270c3fd7afecdb556c50c9e8de78 -> 
  custom:graphics/normal-map-encoding: 01000000000000000000000000000000 -> 02000000000000000000000000000000
  custom:audio-decoder-ogg-vorbis: bf7c407c2cedff20999df2af8eb42d56 -> 
  custom:audio-encoder-webm-vorbis: bf7c407c2cedff20999df2af8eb42d56 -> 
========================================================================
Received Prepare
Refreshing native plugins compatible for Editor in 3.40 ms, found 3 plugins.
Preloading 0 native plugins for Editor in 0.00 ms.
Unloading 14 Unused Serialized files (Serialized files now loaded: 0)
System memory in use before: 202.3 MB.
System memory in use after: 202.5 MB.

Unloading 14 unused Assets to reduce memory usage. Loaded Objects now: 2876.
Total: 4.078217 ms (FindLiveObjects: 0.239317 ms CreateObjectMapping: 0.130169 ms MarkObjects: 3.686392 ms  DeleteObjects: 0.021521 ms)

AssetImportParameters requested are different than current active one (requested -> active):
  custom:video-decoder-ogg-theora: a1e56fd34408186e4bbccfd4996cb3dc -> 
  custom:container-muxer-webm: aa71ff27fc2769a1b78a27578f13a17b -> 
  custom:container-demuxer-webm: 4f35f7cbe854078d1ac9338744f61a02 -> 
  custom:container-demuxer-ogg: 62fdf1f143b41e24485cea50d1cbac27 -> 
  custom:video-encoder-webm-vp8: eb34c28f22e8b96e1ab97ce403110664 -> 
  custom:framework-osx-AVFoundation: e770b220cccbd017edd2c1fefb359320 -> 
  custom:video-decoder-webm-vp8: 9c59270c3fd7afecdb556c50c9e8de78 -> 
  custom:audio-decoder-ogg-vorbis: bf7c407c2cedff20999df2af8eb42d56 -> 
  custom:audio-encoder-webm-vorbis: bf7c407c2cedff20999df2af8eb42d56 -> 
AssetImportWorkerClient::OnTransportError - code=2 error=End of file
